<?xml version="1.0" encoding="UTF-8"?>
<testsuite xmlns:xsi="http://www.w3.org/2001/XMLSchema-instance" xsi:noNamespaceSchemaLocation="https://maven.apache.org/surefire/maven-surefire-plugin/xsd/surefire-test-report-3.0.xsd" version="3.0" name="TestSuite" time="0.889" tests="1" errors="0" skipped="0" failures="0">
  <properties>
    <property name="sun.desktop" value="windows"/>
    <property name="awt.toolkit" value="sun.awt.windows.WToolkit"/>
    <property name="file.encoding.pkg" value="sun.io"/>
    <property name="java.specification.version" value="1.8"/>
    <property name="sun.cpu.isalist" value="pentium_pro+mmx pentium_pro pentium+mmx pentium i486 i386 i86"/>
    <property name="sun.jnu.encoding" value="Cp1252"/>
    <property name="java.class.path" value="C:\Users\SK\practiceGherkinArt\target\test-classes;C:\Users\SK\practiceGherkinArt\target\classes;C:\Users\SK\.m2\repository\junit\junit\3.8.1\junit-3.8.1.jar;C:\Users\SK\.m2\repository\info\cukes\cucumber-java\1.2.5\cucumber-java-1.2.5.jar;C:\Users\SK\.m2\repository\info\cukes\cucumber-core\1.2.5\cucumber-core-1.2.5.jar;C:\Users\SK\.m2\repository\info\cukes\cucumber-html\0.2.3\cucumber-html-0.2.3.jar;C:\Users\SK\.m2\repository\info\cukes\cucumber-jvm-deps\1.0.5\cucumber-jvm-deps-1.0.5.jar;C:\Users\SK\.m2\repository\info\cukes\gherkin\2.12.2\gherkin-2.12.2.jar;C:\Users\SK\.m2\repository\info\cukes\cucumber-junit\1.2.5\cucumber-junit-1.2.5.jar;C:\Users\SK\.m2\repository\info\cukes\cucumber-testng\1.2.5\cucumber-testng-1.2.5.jar;C:\Users\SK\.m2\repository\org\testng\testng\6.7\testng-6.7.jar;C:\Users\SK\.m2\repository\org\beanshell\bsh\2.0b4\bsh-2.0b4.jar;C:\Users\SK\.m2\repository\com\beust\jcommander\1.12\jcommander-1.12.jar;C:\Users\SK\.m2\repository\org\yaml\snakeyaml\1.6\snakeyaml-1.6.jar;"/>
    <property name="java.vm.vendor" value="Oracle Corporation"/>
    <property name="sun.arch.data.model" value="32"/>
    <property name="user.variant" value=""/>
    <property name="java.vendor.url" value="http://java.oracle.com/"/>
    <property name="user.timezone" value="Asia/Calcutta"/>
    <property name="java.vm.specification.version" value="1.8"/>
    <property name="os.name" value="Windows 7"/>
    <property name="user.country" value="US"/>
    <property name="sun.java.launcher" value="SUN_STANDARD"/>
    <property name="sun.boot.library.path" value="C:\Program Files (x86)\Java\jdk1.8.0_221\jre\bin"/>
    <property name="sun.java.command" value="C:\Users\SK\AppData\Local\Temp\surefire5858010007954572077\surefirebooter2201929048254836930.jar C:\Users\SK\AppData\Local\Temp\surefire5858010007954572077 2020-04-21T16-05-28_482-jvmRun1 surefire5630955809772067026tmp surefire_07341702542068488081tmp"/>
    <property name="surefire.test.class.path" value="C:\Users\SK\practiceGherkinArt\target\test-classes;C:\Users\SK\practiceGherkinArt\target\classes;C:\Users\SK\.m2\repository\junit\junit\3.8.1\junit-3.8.1.jar;C:\Users\SK\.m2\repository\info\cukes\cucumber-java\1.2.5\cucumber-java-1.2.5.jar;C:\Users\SK\.m2\repository\info\cukes\cucumber-core\1.2.5\cucumber-core-1.2.5.jar;C:\Users\SK\.m2\repository\info\cukes\cucumber-html\0.2.3\cucumber-html-0.2.3.jar;C:\Users\SK\.m2\repository\info\cukes\cucumber-jvm-deps\1.0.5\cucumber-jvm-deps-1.0.5.jar;C:\Users\SK\.m2\repository\info\cukes\gherkin\2.12.2\gherkin-2.12.2.jar;C:\Users\SK\.m2\repository\info\cukes\cucumber-junit\1.2.5\cucumber-junit-1.2.5.jar;C:\Users\SK\.m2\repository\info\cukes\cucumber-testng\1.2.5\cucumber-testng-1.2.5.jar;C:\Users\SK\.m2\repository\org\testng\testng\6.7\testng-6.7.jar;C:\Users\SK\.m2\repository\org\beanshell\bsh\2.0b4\bsh-2.0b4.jar;C:\Users\SK\.m2\repository\com\beust\jcommander\1.12\jcommander-1.12.jar;C:\Users\SK\.m2\repository\org\yaml\snakeyaml\1.6\snakeyaml-1.6.jar;"/>
    <property name="sun.cpu.endian" value="little"/>
    <property name="user.home" value="C:\Users\SK"/>
    <property name="user.language" value="en"/>
    <property name="java.specification.vendor" value="Oracle Corporation"/>
    <property name="java.home" value="C:\Program Files (x86)\Java\jdk1.8.0_221\jre"/>
    <property name="basedir" value="C:\Users\SK\practiceGherkinArt"/>
    <property name="file.separator" value="\"/>
    <property name="line.separator" value="&#10;"/>
    <property name="java.vm.specification.vendor" value="Oracle Corporation"/>
    <property name="java.specification.name" value="Java Platform API Specification"/>
    <property name="java.awt.graphicsenv" value="sun.awt.Win32GraphicsEnvironment"/>
    <property name="surefire.real.class.path" value="C:\Users\SK\AppData\Local\Temp\surefire5858010007954572077\surefirebooter2201929048254836930.jar"/>
    <property name="sun.boot.class.path" value="C:\Program Files (x86)\Java\jdk1.8.0_221\jre\lib\resources.jar;C:\Program Files (x86)\Java\jdk1.8.0_221\jre\lib\rt.jar;C:\Program Files (x86)\Java\jdk1.8.0_221\jre\lib\sunrsasign.jar;C:\Program Files (x86)\Java\jdk1.8.0_221\jre\lib\jsse.jar;C:\Program Files (x86)\Java\jdk1.8.0_221\jre\lib\jce.jar;C:\Program Files (x86)\Java\jdk1.8.0_221\jre\lib\charsets.jar;C:\Program Files (x86)\Java\jdk1.8.0_221\jre\lib\jfr.jar;C:\Program Files (x86)\Java\jdk1.8.0_221\jre\classes"/>
    <property name="user.script" value=""/>
    <property name="sun.management.compiler" value="HotSpot Client Compiler"/>
    <property name="java.runtime.version" value="1.8.0_221-b11"/>
    <property name="user.name" value="SK"/>
    <property name="path.separator" value=";"/>
    <property name="os.version" value="6.1"/>
    <property name="java.endorsed.dirs" value="C:\Program Files (x86)\Java\jdk1.8.0_221\jre\lib\endorsed"/>
    <property name="java.runtime.name" value="Java(TM) SE Runtime Environment"/>
    <property name="file.encoding" value="Cp1252"/>
    <property name="java.vm.name" value="Java HotSpot(TM) Client VM"/>
    <property name="localRepository" value="C:\Users\SK\.m2\repository"/>
    <property name="java.vendor.url.bug" value="http://bugreport.sun.com/bugreport/"/>
    <property name="java.io.tmpdir" value="C:\Users\SK\AppData\Local\Temp\"/>
    <property name="java.version" value="1.8.0_221"/>
    <property name="user.dir" value="C:\Users\SK\practiceGherkinArt"/>
    <property name="os.arch" value="x86"/>
    <property name="java.vm.specification.name" value="Java Virtual Machine Specification"/>
    <property name="java.awt.printerjob" value="sun.awt.windows.WPrinterJob"/>
    <property name="sun.os.patch.level" value="Service Pack 1"/>
    <property name="java.library.path" value="C:\Program Files (x86)\Java\jdk1.8.0_221\jre\bin;C:\Windows\Sun\Java\bin;C:\Windows\system32;C:\Windows;C:/Program Files (x86)/Java/jre1.8.0_221/bin/client;C:/Program Files (x86)/Java/jre1.8.0_221/bin;C:/Program Files (x86)/Java/jre1.8.0_221/lib/i386;C:\Program Files (x86)\Common Files\Oracle\Java\javapath;C:\ProgramData\Oracle\Java\javapath;C:\Windows\system32;C:\Windows;C:\Windows\System32\Wbem;C:\Windows\System32\WindowsPowerShell\v1.0\;C:\Program Files\Intel\WiFi\bin\;C:\Program Files\Common Files\Intel\WirelessCommon\;C:\Program Files (x86)\Java\jre1.8.0_221\bin;C:\Program Files\Intel\WiFi\bin\;C:\Program Files\Common Files\Intel\WirelessCommon\;C:\Program Files\Java\jdk1.8.0_151\bin;C:\Selenium C#\chromedriver_win32;C:\EclipseWorkspace\apache-maven-3.6.1-bin\apache-maven-3.6.1\bin;C:\Program Files (x86)\Java\jdk1.8.0_221\bin;C:\eclipse-java-oxygen-3a-win32\eclipse;;."/>
    <property name="java.vm.info" value="mixed mode, sharing"/>
    <property name="java.vendor" value="Oracle Corporation"/>
    <property name="java.vm.version" value="25.221-b11"/>
    <property name="java.ext.dirs" value="C:\Program Files (x86)\Java\jdk1.8.0_221\jre\lib\ext;C:\Windows\Sun\Java\lib\ext"/>
    <property name="sun.io.unicode.encoding" value="UnicodeLittle"/>
    <property name="java.class.version" value="52.0"/>
  </properties>
  <testcase name="feature" classname="Runner.TestRunner" time="0.098"/>
</testsuite>