<?xml version="1.0" encoding="UTF-8"?>
<!-- Generated by org.testng.reporters.JUnitReportReporter -->
<testsuite hostname="SKC" name="Runner.TestRunner" tests="1" failures="0" timestamp="21 Apr 2020 10:35:30 GMT" time="0.102" errors="0">
  <testcase name="feature" time="0.102" classname="Runner.TestRunner"/>
</testsuite> <!-- Runner.TestRunner -->
